{"/home/camilo/Documents/generators/aws_lambda_type_script/src/index.ts": {"path":"/home/camilo/Documents/generators/aws_lambda_type_script/src/index.ts","statementMap":{"0":{"start":{"line":1,"column":0},"end":{"line":1,"column":40}},"1":{"start":{"line":2,"column":0},"end":{"line":2,"column":26}},"2":{"start":{"line":4,"column":22},"end":{"line":4,"column":36}},"3":{"start":{"line":6,"column":26},"end":{"line":6,"column":51}},"4":{"start":{"line":7,"column":4},"end":{"line":7,"column":51}},"5":{"start":{"line":11,"column":16},"end":{"line":11,"column":46}},"6":{"start":{"line":12,"column":0},"end":{"line":12,"column":23}}},"fnMap":{"0":{"name":"(anonymous_0)","decl":{"start":{"line":4,"column":2},"end":{"line":4,"column":22}},"loc":{"start":{"line":4,"column":36},"end":{"line":4,"column":40}}},"1":{"name":"(anonymous_1)","decl":{"start":{"line":5,"column":2},"end":{"line":5,"column":7}},"loc":{"start":{"line":5,"column":13},"end":{"line":8,"column":3}}}},"branchMap":{},"s":{"0":1,"1":1,"2":1,"3":1,"4":1,"5":1,"6":1},"f":{"0":1,"1":1},"b":{}}
,"/home/camilo/Documents/generators/aws_lambda_type_script/src/Adapter/Config.ts": {"path":"/home/camilo/Documents/generators/aws_lambda_type_script/src/Adapter/Config.ts","statementMap":{"0":{"start":{"line":1,"column":0},"end":{"line":1,"column":35}},"1":{"start":{"line":2,"column":0},"end":{"line":2,"column":67}},"2":{"start":{"line":3,"column":0},"end":{"line":3,"column":85}},"3":{"start":{"line":4,"column":0},"end":{"line":4,"column":44}},"4":{"start":{"line":5,"column":0},"end":{"line":5,"column":60}},"5":{"start":{"line":7,"column":0},"end":{"line":7,"column":57}},"6":{"start":{"line":12,"column":4},"end":{"line":14,"column":7}},"7":{"start":{"line":15,"column":4},"end":{"line":17,"column":7}},"8":{"start":{"line":18,"column":4},"end":{"line":20,"column":7}},"9":{"start":{"line":21,"column":4},"end":{"line":21,"column":48}},"10":{"start":{"line":9,"column":0},"end":{"line":9,"column":13}}},"fnMap":{"0":{"name":"(anonymous_0)","decl":{"start":{"line":10,"column":2},"end":{"line":10,"column":17}},"loc":{"start":{"line":10,"column":2},"end":{"line":10,"column":18}}},"1":{"name":"(anonymous_1)","decl":{"start":{"line":11,"column":2},"end":{"line":11,"column":7}},"loc":{"start":{"line":11,"column":13},"end":{"line":22,"column":3}}}},"branchMap":{},"s":{"0":1,"1":1,"2":1,"3":1,"4":1,"5":1,"6":1,"7":1,"8":1,"9":1,"10":1},"f":{"0":1,"1":1},"b":{}}
,"/home/camilo/Documents/generators/aws_lambda_type_script/src/Adapter/input/ApiGatewayAdapter.ts": {"path":"/home/camilo/Documents/generators/aws_lambda_type_script/src/Adapter/input/ApiGatewayAdapter.ts","statementMap":{"0":{"start":{"line":2,"column":0},"end":{"line":2,"column":44}},"1":{"start":{"line":4,"column":0},"end":{"line":4,"column":47}},"2":{"start":{"line":8,"column":0},"end":{"line":24,"column":null}},"3":{"start":{"line":11,"column":12},"end":{"line":11,"column":45}},"4":{"start":{"line":18,"column":19},"end":{"line":18,"column":47}},"5":{"start":{"line":19,"column":4},"end":{"line":22,"column":6}},"6":{"start":{"line":8,"column":13},"end":{"line":24,"column":null}},"7":{"start":{"line":8,"column":13},"end":{"line":8,"column":30}}},"fnMap":{"0":{"name":"(anonymous_3)","decl":{"start":{"line":9,"column":2},"end":{"line":9,"column":null}},"loc":{"start":{"line":11,"column":45},"end":{"line":12,"column":6}}},"1":{"name":"(anonymous_4)","decl":{"start":{"line":14,"column":2},"end":{"line":14,"column":7}},"loc":{"start":{"line":16,"column":20},"end":{"line":23,"column":3}}}},"branchMap":{},"s":{"0":1,"1":1,"2":1,"3":1,"4":1,"5":1,"6":1,"7":1},"f":{"0":1,"1":1},"b":{}}
,"/home/camilo/Documents/generators/aws_lambda_type_script/src/Adapter/output/DemoCrudAdapter.ts": {"path":"/home/camilo/Documents/generators/aws_lambda_type_script/src/Adapter/output/DemoCrudAdapter.ts","statementMap":{"0":{"start":{"line":1,"column":0},"end":{"line":1,"column":44}},"1":{"start":{"line":5,"column":0},"end":{"line":5,"column":47}},"2":{"start":{"line":8,"column":0},"end":{"line":16,"column":null}},"3":{"start":{"line":11,"column":21},"end":{"line":11,"column":51}},"4":{"start":{"line":14,"column":4},"end":{"line":14,"column":51}},"5":{"start":{"line":8,"column":13},"end":{"line":16,"column":null}},"6":{"start":{"line":8,"column":13},"end":{"line":8,"column":28}}},"fnMap":{"0":{"name":"(anonymous_3)","decl":{"start":{"line":9,"column":2},"end":{"line":9,"column":null}},"loc":{"start":{"line":11,"column":51},"end":{"line":12,"column":6}}},"1":{"name":"(anonymous_4)","decl":{"start":{"line":13,"column":2},"end":{"line":13,"column":7}},"loc":{"start":{"line":13,"column":14},"end":{"line":15,"column":3}}}},"branchMap":{},"s":{"0":1,"1":1,"2":1,"3":1,"4":1,"5":1,"6":1},"f":{"0":1,"1":1},"b":{}}
,"/home/camilo/Documents/generators/aws_lambda_type_script/src/Application/factories/DemoFactorie.ts": {"path":"/home/camilo/Documents/generators/aws_lambda_type_script/src/Application/factories/DemoFactorie.ts","statementMap":{"0":{"start":{"line":1,"column":0},"end":{"line":1,"column":39}},"1":{"start":{"line":6,"column":4},"end":{"line":6,"column":30}},"2":{"start":{"line":4,"column":0},"end":{"line":4,"column":13}}},"fnMap":{"0":{"name":"(anonymous_0)","decl":{"start":{"line":5,"column":2},"end":{"line":5,"column":6}},"loc":{"start":{"line":5,"column":31},"end":{"line":7,"column":3}}}},"branchMap":{},"s":{"0":1,"1":1,"2":1},"f":{"0":1},"b":{}}
,"/home/camilo/Documents/generators/aws_lambda_type_script/src/Application/orquestrators/DemoAppOrquestrator.ts": {"path":"/home/camilo/Documents/generators/aws_lambda_type_script/src/Application/orquestrators/DemoAppOrquestrator.ts","statementMap":{"0":{"start":{"line":1,"column":0},"end":{"line":1,"column":44}},"1":{"start":{"line":3,"column":0},"end":{"line":3,"column":47}},"2":{"start":{"line":8,"column":0},"end":{"line":16,"column":null}},"3":{"start":{"line":11,"column":21},"end":{"line":11,"column":56}},"4":{"start":{"line":14,"column":4},"end":{"line":14,"column":41}},"5":{"start":{"line":8,"column":13},"end":{"line":16,"column":null}},"6":{"start":{"line":8,"column":13},"end":{"line":8,"column":32}}},"fnMap":{"0":{"name":"(anonymous_3)","decl":{"start":{"line":9,"column":2},"end":{"line":9,"column":null}},"loc":{"start":{"line":11,"column":56},"end":{"line":12,"column":6}}},"1":{"name":"(anonymous_4)","decl":{"start":{"line":13,"column":2},"end":{"line":13,"column":8}},"loc":{"start":{"line":13,"column":8},"end":{"line":15,"column":3}}}},"branchMap":{},"s":{"0":1,"1":1,"2":1,"3":1,"4":1,"5":1,"6":1},"f":{"0":1,"1":1},"b":{}}
,"/home/camilo/Documents/generators/aws_lambda_type_script/src/Domain/DITokens.ts": {"path":"/home/camilo/Documents/generators/aws_lambda_type_script/src/Domain/DITokens.ts","statementMap":{"0":{"start":{"line":1,"column":0},"end":{"line":1,"column":null}},"1":{"start":{"line":2,"column":2},"end":{"line":2,"column":null}},"2":{"start":{"line":3,"column":2},"end":{"line":3,"column":null}},"3":{"start":{"line":4,"column":2},"end":{"line":4,"column":null}}},"fnMap":{"0":{"name":"(anonymous_0)","decl":{"start":{"line":1,"column":0},"end":{"line":1,"column":12}},"loc":{"start":{"line":1,"column":20},"end":{"line":5,"column":1}}}},"branchMap":{"0":{"loc":{"start":{"line":1,"column":12},"end":{"line":1,"column":null}},"type":"binary-expr","locations":[{"start":{"line":1,"column":12},"end":{"line":1,"column":20}},{"start":{"line":1,"column":12},"end":{"line":1,"column":null}}]}},"s":{"0":1,"1":1,"2":1,"3":1},"f":{"0":1},"b":{"0":[1,1]}}
,"/home/camilo/Documents/generators/aws_lambda_type_script/src/Domain/Demo.ts": {"path":"/home/camilo/Documents/generators/aws_lambda_type_script/src/Domain/Demo.ts","statementMap":{"0":{"start":{"line":2,"column":21},"end":{"line":2,"column":33}},"1":{"start":{"line":2,"column":42},"end":{"line":2,"column":52}},"2":{"start":{"line":1,"column":0},"end":{"line":1,"column":13}}},"fnMap":{"0":{"name":"(anonymous_0)","decl":{"start":{"line":2,"column":2},"end":{"line":2,"column":21}},"loc":{"start":{"line":2,"column":52},"end":{"line":2,"column":56}}}},"branchMap":{},"s":{"0":1,"1":1,"2":1},"f":{"0":1},"b":{}}
}
